<?xml version="1.0" encoding="UTF-8"?>
<!-- Generated by org.testng.reporters.JUnitReportReporter -->
<testsuite hostname="IN-D38K1N3" failures="0" tests="2" name="com.test.SearchPageTest" time="145.567" errors="0" timestamp="2023-01-09T15:55:26 IST" skipped="0">
  <testcase classname="com.test.SearchPageTest" name="SearchItem" time="75.237"/>
  <system-out/>
  <testcase classname="com.test.SearchPageTest" name="FetchTotalProducts" time="70.330"/>
  <system-out/>
</testsuite> <!-- com.test.SearchPageTest -->
