<?xml version="1.0" encoding="UTF-8"?>
<!-- Generated by org.testng.reporters.JUnitReportReporter -->
<testsuite hostname="IN-D38K1N3" failures="0" tests="1" name="com.test.PlaceOrderTest" time="99.959" errors="0" timestamp="2023-01-09T15:55:26 IST" skipped="0">
  <testcase classname="com.test.PlaceOrderTest" name="placeOrderTest" time="99.959"/>
  <system-out/>
</testsuite> <!-- com.test.PlaceOrderTest -->
