<?xml version="1.0" encoding="UTF-8"?>
<!-- Generated by org.testng.reporters.JUnitReportReporter -->
<testsuite hostname="IN-D38K1N3" failures="0" tests="2" name="com.test.FilterTest" time="172.757" errors="0" timestamp="2023-01-09T15:55:26 IST" skipped="0">
  <testcase classname="com.test.FilterTest" name="Is_Filter_Available" time="70.478"/>
  <system-out/>
  <testcase classname="com.test.FilterTest" name="Filter_Test" time="102.279"/>
  <system-out/>
</testsuite> <!-- com.test.FilterTest -->
