<?xml version="1.0" encoding="UTF-8"?>
<!-- Generated by org.testng.reporters.JUnitReportReporter -->
<testsuite hostname="IN-D38K1N3" failures="0" tests="4" name="com.test.HomePageTest" time="205.044" errors="0" timestamp="2023-01-09T15:55:26 IST" skipped="0">
  <testcase classname="com.test.HomePageTest" name="Verify_Title" time="48.165"/>
  <system-out/>
  <testcase classname="com.test.HomePageTest" name="SearchBoxDisplayed" time="46.888"/>
  <system-out/>
  <testcase classname="com.test.HomePageTest" name="is_Cart_Displayed" time="47.040"/>
  <system-out/>
  <testcase classname="com.test.HomePageTest" name="is_Logo_Displayed" time="62.951"/>
  <system-out/>
</testsuite> <!-- com.test.HomePageTest -->
